{
  "stats": {
    "suites": 5,
    "tests": 4,
    "passes": 4,
    "pending": 0,
    "failures": 0,
    "start": "2025-07-18T02:15:59.585Z",
    "end": "2025-07-18T02:15:59.782Z",
    "duration": 197,
    "testsRegistered": 4,
    "passPercent": 100,
    "pendingPercent": 0,
    "other": 0,
    "hasOther": false,
    "skipped": 0,
    "hasSkipped": false
  },
  "results": [
    {
      "uuid": "2c4be984-d722-4871-bd23-045e77ba262a",
      "title": "",
      "fullFile": "",
      "file": "",
      "beforeHooks": [],
      "afterHooks": [],
      "tests": [],
      "suites": [
        {
          "uuid": "f2c7a45a-fce0-4101-ac9e-0816a3e128f4",
          "title": "Login",
          "fullFile": "C:\\projetosCacau\\banco-api-tests\\test\\login.test.js",
          "file": "\\test\\login.test.js",
          "beforeHooks": [],
          "afterHooks": [],
          "tests": [],
          "suites": [
            {
              "uuid": "f5955ba8-5e73-47bd-9909-3902f8013220",
              "title": "POST /login",
              "fullFile": "C:\\projetosCacau\\banco-api-tests\\test\\login.test.js",
              "file": "\\test\\login.test.js",
              "beforeHooks": [],
              "afterHooks": [],
              "tests": [
                {
                  "title": "Deve retornar 200 com um token em string quando usar credenciais válidas",
                  "fullTitle": "Login POST /login Deve retornar 200 com um token em string quando usar credenciais válidas",
                  "timedOut": false,
                  "duration": 77,
                  "state": "passed",
                  "speed": "slow",
                  "pass": true,
                  "fail": false,
                  "pending": false,
                  "context": null,
                  "code": "const resposta = await request ('http://localhost:3000')\n.post('/login')\n.set('Content-Type' , 'application/json')\n.send({\n    'username': 'julio.lima',\n    'senha': '123456'\n })\nconsole.log(resposta.status)\nconsole.log(resposta.body)\nexpect (resposta.status).to.equal(200);\nexpect (resposta.body.token).to.be.a('string');",
                  "err": {},
                  "uuid": "adeaaad5-5ab1-4d4c-ac4e-aa1263e87a7d",
                  "parentUUID": "f5955ba8-5e73-47bd-9909-3902f8013220",
                  "isHook": false,
                  "skipped": false
                }
              ],
              "suites": [],
              "passes": [
                "adeaaad5-5ab1-4d4c-ac4e-aa1263e87a7d"
              ],
              "failures": [],
              "pending": [],
              "skipped": [],
              "duration": 77,
              "root": false,
              "rootEmpty": false,
              "_timeout": 200000
            }
          ],
          "passes": [],
          "failures": [],
          "pending": [],
          "skipped": [],
          "duration": 0,
          "root": false,
          "rootEmpty": false,
          "_timeout": 200000
        },
        {
          "uuid": "a5fc613d-5f7f-412c-a3fd-2c53cc91bbba",
          "title": "Transferências",
          "fullFile": "C:\\projetosCacau\\banco-api-tests\\test\\transferencia.test.js",
          "file": "\\test\\transferencia.test.js",
          "beforeHooks": [
            {
              "title": "\"before each\" hook in \"Transferências\"",
              "fullTitle": "Transferências \"before each\" hook in \"Transferências\"",
              "timedOut": false,
              "duration": 10,
              "state": null,
              "speed": null,
              "pass": false,
              "fail": false,
              "pending": false,
              "context": null,
              "code": "token = await obterToken('julio.lima', '123456')",
              "err": {},
              "uuid": "187ad794-7721-4255-a599-ea675ce0fa91",
              "parentUUID": "a5fc613d-5f7f-412c-a3fd-2c53cc91bbba",
              "isHook": true,
              "skipped": false
            }
          ],
          "afterHooks": [],
          "tests": [],
          "suites": [
            {
              "uuid": "a87c1563-7a11-464e-bbed-450fd6b0ba02",
              "title": "POST /transferencias",
              "fullFile": "C:\\projetosCacau\\banco-api-tests\\test\\transferencia.test.js",
              "file": "\\test\\transferencia.test.js",
              "beforeHooks": [],
              "afterHooks": [],
              "tests": [
                {
                  "title": "Deve retornar sucesso com 201 quando o valor da transferencia for igual ou acima de R$ 10,00",
                  "fullTitle": "Transferências POST /transferencias Deve retornar sucesso com 201 quando o valor da transferencia for igual ou acima de R$ 10,00",
                  "timedOut": false,
                  "duration": 34,
                  "state": "passed",
                  "speed": "fast",
                  "pass": true,
                  "fail": false,
                  "pending": false,
                  "context": null,
                  "code": "const bodyTransferencias = { ...postTransferencias}\nconst resposta = await request(process.env.BASE_URL)\n    .post('/transferencias')\n    .set('Content-Type' , 'application/json')\n    .set('Authorization' , `Bearer ${token}`)\n    .send(bodyTransferencias)\n        \n        expect(resposta.status).to.equal(201);\n        console.log(resposta.body)",
                  "err": {},
                  "uuid": "0679e3ff-7bd3-4ba5-a2d0-510fc318e1cd",
                  "parentUUID": "a87c1563-7a11-464e-bbed-450fd6b0ba02",
                  "isHook": false,
                  "skipped": false
                },
                {
                  "title": "Deve retornar falha com 422 quando o valor da transferencia for abaixo de R$ 10,00",
                  "fullTitle": "Transferências POST /transferencias Deve retornar falha com 422 quando o valor da transferencia for abaixo de R$ 10,00",
                  "timedOut": false,
                  "duration": 9,
                  "state": "passed",
                  "speed": "fast",
                  "pass": true,
                  "fail": false,
                  "pending": false,
                  "context": null,
                  "code": "const bodyTransferencias = { ...postTransferencias}\nbodyTransferencias.valor = 7\n const resposta = await request(process.env.BASE_URL)\n     .post('/transferencias')\n     .set('Content-Type' , 'application/json')\n     .set('Authorization' , `Bearer ${token}`)\n     .send(bodyTransferencias)\n         \n         expect(resposta.status).to.equal(422);",
                  "err": {},
                  "uuid": "8505961d-d42f-464e-b827-5a494979ef92",
                  "parentUUID": "a87c1563-7a11-464e-bbed-450fd6b0ba02",
                  "isHook": false,
                  "skipped": false
                }
              ],
              "suites": [],
              "passes": [
                "0679e3ff-7bd3-4ba5-a2d0-510fc318e1cd",
                "8505961d-d42f-464e-b827-5a494979ef92"
              ],
              "failures": [],
              "pending": [],
              "skipped": [],
              "duration": 43,
              "root": false,
              "rootEmpty": false,
              "_timeout": 200000
            },
            {
              "uuid": "fe5d9541-0585-4bc1-a1f5-72efeb815238",
              "title": "GET /transferencias/id",
              "fullFile": "C:\\projetosCacau\\banco-api-tests\\test\\transferencia.test.js",
              "file": "\\test\\transferencia.test.js",
              "beforeHooks": [],
              "afterHooks": [],
              "tests": [
                {
                  "title": "Deve retornar sucesso com 200 e dados iguais ao registro de transferencia contido no banco de dados quando o id for válido",
                  "fullTitle": "Transferências GET /transferencias/id Deve retornar sucesso com 200 e dados iguais ao registro de transferencia contido no banco de dados quando o id for válido",
                  "timedOut": false,
                  "duration": 14,
                  "state": "passed",
                  "speed": "fast",
                  "pass": true,
                  "fail": false,
                  "pending": false,
                  "context": null,
                  "code": "const resposta = await request(process.env.BASE_URL)\n    .get('/transferencias/8')\n    .set('Authorization', `Bearer ${token}`)\n    console.log(resposta.staus)\n    console.log(resposta.body)",
                  "err": {},
                  "uuid": "959cac2d-4f81-4e92-9b81-a93310801f1a",
                  "parentUUID": "fe5d9541-0585-4bc1-a1f5-72efeb815238",
                  "isHook": false,
                  "skipped": false
                }
              ],
              "suites": [],
              "passes": [
                "959cac2d-4f81-4e92-9b81-a93310801f1a"
              ],
              "failures": [],
              "pending": [],
              "skipped": [],
              "duration": 14,
              "root": false,
              "rootEmpty": false,
              "_timeout": 200000
            }
          ],
          "passes": [],
          "failures": [],
          "pending": [],
          "skipped": [],
          "duration": 0,
          "root": false,
          "rootEmpty": false,
          "_timeout": 200000
        }
      ],
      "passes": [],
      "failures": [],
      "pending": [],
      "skipped": [],
      "duration": 0,
      "root": true,
      "rootEmpty": true,
      "_timeout": 200000
    }
  ],
  "meta": {
    "mocha": {
      "version": "11.7.1"
    },
    "mochawesome": {
      "options": {
        "quiet": false,
        "reportFilename": "mochawesome",
        "saveHtml": true,
        "saveJson": true,
        "consoleReporter": "spec",
        "useInlineDiffs": false,
        "code": true
      },
      "version": "7.1.3"
    },
    "marge": {
      "options": null,
      "version": "6.2.0"
    }
  }
}